#
# There is insufficient memory for the Java Runtime Environment to continue.
# Native memory allocation (malloc) failed to allocate 2127696 bytes for Chunk::new
# Possible reasons:
#   The system is out of physical RAM or swap space
#   The process is running with CompressedOops enabled, and the Java Heap may be blocking the growth of the native heap
# Possible solutions:
#   Reduce memory load on the system
#   Increase physical memory or swap space
#   Check if swap backing store is full
#   Decrease Java heap size (-Xmx/-Xms)
#   Decrease number of Java threads
#   Decrease Java thread stack sizes (-Xss)
#   Set larger code cache with -XX:ReservedCodeCacheSize=
#   JVM is running with Unscaled Compressed Oops mode in which the Java heap is
#     placed in the first 4GB address space. The Java Heap base address is the
#     maximum limit for the native heap growth. Please use -XX:HeapBaseMinAddress
#     to set the Java Heap base and to place the Java Heap above 4GB virtual address.
# This output file may be truncated or incomplete.
#
#  Out of Memory Error (./open/src/hotspot/share/memory/arena.cpp:197), pid=25360, tid=10700
#
# JRE version: Java(TM) SE Runtime Environment 18.9 (11.0.13+10) (build 11.0.13+10-LTS-370)
# Java VM: Java HotSpot(TM) 64-Bit Server VM 18.9 (11.0.13+10-LTS-370, mixed mode, tiered, compressed oops, g1 gc, windows-amd64)
# No core dump will be written. Minidumps are not enabled by default on client versions of Windows
#

---------------  S U M M A R Y ------------

Command Line: -javaagent:C:\Program Files\JetBrains\IntelliJ IDEA Community Edition 2022.2\lib\idea_rt.jar=53700:C:\Program Files\JetBrains\IntelliJ IDEA Community Edition 2022.2\bin -Dfile.encoding=UTF-8 com.gateway.demo.ApiGatewayApplication

Host: Intel(R) Core(TM) i5-7200U CPU @ 2.50GHz, 4 cores, 7G,  Windows 10 , 64 bit Build 19041 (10.0.19041.1889)
Time: Mon Sep 19 19:04:34 2022 India Standard Time elapsed time: 1763.777245 seconds (0d 0h 29m 23s)

---------------  T H R E A D  ---------------

Current thread (0x000002094265e000):  JavaThread "C2 CompilerThread0" daemon [_thread_in_native, id=10700, stack(0x000000b18cf00000,0x000000b18d000000)]


Current CompileTask:
C2:1763777 7777       4       com.fasterxml.jackson.databind.deser.BeanDeserializerFactory::addBeanProps (862 bytes)

Stack: [0x000000b18cf00000,0x000000b18d000000]
Native frames: (J=compiled Java code, j=interpreted, Vv=VM code, C=native code)
V  [jvm.dll+0x62870a]
V  [jvm.dll+0x761f2f]
V  [jvm.dll+0x7635d9]
V  [jvm.dll+0x763c63]
V  [jvm.dll+0x23d728]
V  [jvm.dll+0xb293c]
V  [jvm.dll+0xb2efc]
V  [jvm.dll+0x340872]
V  [jvm.dll+0x30e603]
V  [jvm.dll+0x30d94a]
V  [jvm.dll+0x1f8255]
V  [jvm.dll+0x1f743d]
V  [jvm.dll+0x177991]
V  [jvm.dll+0x206d84]
V  [jvm.dll+0x204ebb]
V  [jvm.dll+0x727e70]
V  [jvm.dll+0x720a54]
V  [jvm.dll+0x627606]
C  [ucrtbase.dll+0x21bb2]
C  [KERNEL32.DLL+0x17034]
C  [ntdll.dll+0x52651]


---------------  P R O C E S S  ---------------

Threads class SMR info:
_java_thread_list=0x000002094362d260, length=23, elements={
0x000002094263b800, 0x000002094263c800, 0x0000020942fc2800, 0x0000020942656000,
0x0000020942657000, 0x000002094265e000, 0x0000020943009800, 0x000002094300f000,
0x00000209425d6800, 0x00000209433be800, 0x0000020944b60000, 0x000002094614c000,
0x00000209442ad800, 0x0000020943b35000, 0x0000020943b36000, 0x0000020943b33800,
0x0000020943b37800, 0x0000020943b36800, 0x0000020943b38000, 0x0000020943b32800,
0x0000020943b39000, 0x0000020943b34000, 0x000002094416c000
}

Java Threads: ( => current thread )
  0x000002094263b800 JavaThread "Reference Handler" daemon [_thread_blocked, id=22580, stack(0x000000b18ca00000,0x000000b18cb00000)]
  0x000002094263c800 JavaThread "Finalizer" daemon [_thread_blocked, id=11212, stack(0x000000b18cb00000,0x000000b18cc00000)]
  0x0000020942fc2800 JavaThread "Signal Dispatcher" daemon [_thread_blocked, id=17328, stack(0x000000b18cc00000,0x000000b18cd00000)]
  0x0000020942656000 JavaThread "Attach Listener" daemon [_thread_blocked, id=23908, stack(0x000000b18cd00000,0x000000b18ce00000)]
  0x0000020942657000 JavaThread "Service Thread" daemon [_thread_blocked, id=19052, stack(0x000000b18ce00000,0x000000b18cf00000)]
=>0x000002094265e000 JavaThread "C2 CompilerThread0" daemon [_thread_in_native, id=10700, stack(0x000000b18cf00000,0x000000b18d000000)]
  0x0000020943009800 JavaThread "C1 CompilerThread0" daemon [_thread_blocked, id=13004, stack(0x000000b18d000000,0x000000b18d100000)]
  0x000002094300f000 JavaThread "Sweeper thread" daemon [_thread_blocked, id=21552, stack(0x000000b18d100000,0x000000b18d200000)]
  0x00000209425d6800 JavaThread "Common-Cleaner" daemon [_thread_blocked, id=17876, stack(0x000000b18d200000,0x000000b18d300000)]
  0x00000209433be800 JavaThread "Monitor Ctrl-Break" daemon [_thread_in_native, id=3672, stack(0x000000b18d300000,0x000000b18d400000)]
  0x0000020944b60000 JavaThread "boundedElastic-evictor-1" daemon [_thread_blocked, id=3256, stack(0x000000b18c000000,0x000000b18c100000)]
  0x000002094614c000 JavaThread "spring.cloud.inetutils" daemon [_thread_blocked, id=10748, stack(0x000000b18c200000,0x000000b18c300000)]
  0x00000209442ad800 JavaThread "File Watcher" daemon [_thread_blocked, id=14620, stack(0x000000b18dd00000,0x000000b18de00000)]
  0x0000020943b35000 JavaThread "AsyncResolver-bootstrap-0" daemon [_thread_blocked, id=15884, stack(0x000000b18de00000,0x000000b18df00000)]
  0x0000020943b36000 JavaThread "DiscoveryClient-0" daemon [_thread_blocked, id=9176, stack(0x000000b18da00000,0x000000b18db00000)]
  0x0000020943b33800 JavaThread "DiscoveryClient-1" daemon [_thread_blocked, id=1212, stack(0x000000b18df00000,0x000000b18e000000)]
  0x0000020943b37800 JavaThread "DiscoveryClient-InstanceInfoReplicator-0" daemon [_thread_blocked, id=6700, stack(0x000000b18e000000,0x000000b18e100000)]
  0x0000020943b36800 JavaThread "reactor-http-nio-1" daemon [_thread_in_native, id=22328, stack(0x000000b18e100000,0x000000b18e200000)]
  0x0000020943b38000 JavaThread "server" [_thread_blocked, id=12284, stack(0x000000b18e200000,0x000000b18e300000)]
  0x0000020943b32800 JavaThread "DestroyJavaVM" [_thread_blocked, id=14416, stack(0x000000b18c300000,0x000000b18c400000)]
  0x0000020943b39000 JavaThread "DiscoveryClient-CacheRefreshExecutor-0" daemon [_thread_blocked, id=23724, stack(0x000000b18c100000,0x000000b18c200000)]
  0x0000020943b34000 JavaThread "DiscoveryClient-HeartbeatExecutor-0" daemon [_thread_in_native, id=12096, stack(0x000000b18d800000,0x000000b18d900000)]
  0x000002094416c000 JavaThread "AsyncResolver-bootstrap-executor-0" daemon [_thread_blocked, id=11708, stack(0x000000b18d700000,0x000000b18d800000)]

Other Threads:
  0x000002094264c000 VMThread "VM Thread" [stack: 0x000000b18c900000,0x000000b18ca00000] [id=10984]
  0x000002094316f800 WatcherThread [stack: 0x000000b18d400000,0x000000b18d500000] [id=23732]
  0x000002092305d800 GCTaskThread "GC Thread#0" [stack: 0x000000b18c400000,0x000000b18c500000] [id=17372]
  0x00000209437ba000 GCTaskThread "GC Thread#1" [stack: 0x000000b18d500000,0x000000b18d600000] [id=7100]
  0x00000209437ba800 GCTaskThread "GC Thread#2" [stack: 0x000000b18d600000,0x000000b18d700000] [id=24716]
  0x00000209443cd800 GCTaskThread "GC Thread#3" [stack: 0x000000b18d900000,0x000000b18da00000] [id=20388]
  0x000002092308f800 ConcurrentGCThread "G1 Main Marker" [stack: 0x000000b18c500000,0x000000b18c600000] [id=16520]
  0x0000020923091000 ConcurrentGCThread "G1 Conc#0" [stack: 0x000000b18c600000,0x000000b18c700000] [id=16556]
  0x0000020942491800 ConcurrentGCThread "G1 Refine#0" [stack: 0x000000b18c700000,0x000000b18c800000] [id=11476]
  0x0000020923110800 ConcurrentGCThread "G1 Young RemSet Sampling" [stack: 0x000000b18c800000,0x000000b18c900000] [id=9360]

Threads with active compile tasks:
C2 CompilerThread01764989 7777       4       com.fasterxml.jackson.databind.deser.BeanDeserializerFactory::addBeanProps (862 bytes)

VM state:not at safepoint (normal execution)

VM Mutex/Monitor currently owned by a thread: None

Heap address: 0x0000000081600000, size: 2026 MB, Compressed Oops mode: 32-bit
Narrow klass base: 0x0000000000000000, Narrow klass shift: 3
Compressed class space size: 1073741824 Address: 0x0000000100000000

Heap:
 garbage-first heap   total 131072K, used 73243K [0x0000000081600000, 0x0000000100000000)
  region size 1024K, 50 young (51200K), 2 survivors (2048K)
 Metaspace       used 57947K, capacity 59682K, committed 59904K, reserved 1101824K
  class space    used 7184K, capacity 7891K, committed 7936K, reserved 1048576K
Heap Regions: E=young(eden), S=young(survivor), O=old, HS=humongous(starts), HC=humongous(continues), CS=collection set, F=free, A=archive, TAMS=top-at-mark-start (previous, next)
|   0|0x0000000081600000, 0x0000000081700000, 0x0000000081700000|100%| O|  |TAMS 0x0000000081700000, 0x0000000081600000| Untracked 
|   1|0x0000000081700000, 0x0000000081800000, 0x0000000081800000|100%| O|  |TAMS 0x0000000081800000, 0x0000000081700000| Untracked 
|   2|0x0000000081800000, 0x0000000081900000, 0x0000000081900000|100%| O|  |TAMS 0x0000000081900000, 0x0000000081800000| Untracked 
|   3|0x0000000081900000, 0x0000000081a00000, 0x0000000081a00000|100%| O|  |TAMS 0x0000000081a00000, 0x0000000081900000| Untracked 
|   4|0x0000000081a00000, 0x0000000081b00000, 0x0000000081b00000|100%| O|  |TAMS 0x0000000081b00000, 0x0000000081a00000| Untracked 
|   5|0x0000000081b00000, 0x0000000081c00000, 0x0000000081c00000|100%| O|  |TAMS 0x0000000081c00000, 0x0000000081b00000| Untracked 
|   6|0x0000000081c00000, 0x0000000081d00000, 0x0000000081d00000|100%| O|  |TAMS 0x0000000081d00000, 0x0000000081c00000| Untracked 
|   7|0x0000000081d00000, 0x0000000081e00000, 0x0000000081e00000|100%| O|  |TAMS 0x0000000081e00000, 0x0000000081d00000| Untracked 
|   8|0x0000000081e00000, 0x0000000081f00000, 0x0000000081f00000|100%| O|  |TAMS 0x0000000081e53000, 0x0000000081e00000| Untracked 
|   9|0x0000000081f00000, 0x0000000082000000, 0x0000000082000000|100%| O|  |TAMS 0x0000000081f00000, 0x0000000081f00000| Untracked 
|  10|0x0000000082000000, 0x0000000082100000, 0x0000000082100000|100%| O|  |TAMS 0x0000000082000000, 0x0000000082000000| Untracked 
|  11|0x0000000082100000, 0x0000000082200000, 0x0000000082200000|100%| O|  |TAMS 0x0000000082100000, 0x0000000082100000| Untracked 
|  12|0x0000000082200000, 0x0000000082300000, 0x0000000082300000|100%| O|  |TAMS 0x0000000082200000, 0x0000000082200000| Untracked 
|  13|0x0000000082300000, 0x0000000082400000, 0x0000000082400000|100%| O|  |TAMS 0x0000000082300000, 0x0000000082300000| Untracked 
|  14|0x0000000082400000, 0x0000000082500000, 0x0000000082500000|100%| O|  |TAMS 0x0000000082400000, 0x0000000082400000| Untracked 
|  15|0x0000000082500000, 0x0000000082600000, 0x0000000082600000|100%| O|  |TAMS 0x0000000082500000, 0x0000000082500000| Untracked 
|  16|0x0000000082600000, 0x0000000082700000, 0x0000000082700000|100%| O|  |TAMS 0x0000000082600000, 0x0000000082600000| Untracked 
|  17|0x0000000082700000, 0x0000000082800000, 0x0000000082800000|100%| O|  |TAMS 0x0000000082700000, 0x0000000082700000| Untracked 
|  18|0x0000000082800000, 0x0000000082900000, 0x0000000082900000|100%| O|  |TAMS 0x0000000082800000, 0x0000000082800000| Untracked 
|  19|0x0000000082900000, 0x0000000082a00000, 0x0000000082a00000|100%| O|  |TAMS 0x0000000082900000, 0x0000000082900000| Untracked 
|  20|0x0000000082a00000, 0x0000000082b00000, 0x0000000082b00000|100%| O|  |TAMS 0x0000000082a00000, 0x0000000082a00000| Untracked 
|  21|0x0000000082b00000, 0x0000000082c00000, 0x0000000082c00000|100%| O|  |TAMS 0x0000000082b00000, 0x0000000082b00000| Untracked 
|  22|0x0000000082c00000, 0x0000000082c97800, 0x0000000082d00000| 59%| O|  |TAMS 0x0000000082c00000, 0x0000000082c00000| Untracked 
|  23|0x0000000082d00000, 0x0000000082d00000, 0x0000000082e00000|  0%| F|  |TAMS 0x0000000082d00000, 0x0000000082d00000| Untracked 
|  24|0x0000000082e00000, 0x0000000082e00000, 0x0000000082f00000|  0%| F|  |TAMS 0x0000000082e00000, 0x0000000082e00000| Untracked 
|  25|0x0000000082f00000, 0x0000000082f00000, 0x0000000083000000|  0%| F|  |TAMS 0x0000000082f00000, 0x0000000082f00000| Untracked 
|  26|0x0000000083000000, 0x0000000083000000, 0x0000000083100000|  0%| F|  |TAMS 0x0000000083000000, 0x0000000083000000| Untracked 
|  27|0x0000000083100000, 0x0000000083100000, 0x0000000083200000|  0%| F|  |TAMS 0x0000000083100000, 0x0000000083100000| Untracked 
|  28|0x0000000083200000, 0x0000000083200000, 0x0000000083300000|  0%| F|  |TAMS 0x0000000083200000, 0x0000000083200000| Untracked 
|  29|0x0000000083300000, 0x0000000083300000, 0x0000000083400000|  0%| F|  |TAMS 0x0000000083300000, 0x0000000083300000| Untracked 
|  30|0x0000000083400000, 0x0000000083400000, 0x0000000083500000|  0%| F|  |TAMS 0x0000000083400000, 0x0000000083400000| Untracked 
|  31|0x0000000083500000, 0x0000000083500000, 0x0000000083600000|  0%| F|  |TAMS 0x0000000083500000, 0x0000000083500000| Untracked 
|  32|0x0000000083600000, 0x0000000083600000, 0x0000000083700000|  0%| F|  |TAMS 0x0000000083600000, 0x0000000083600000| Untracked 
|  33|0x0000000083700000, 0x0000000083700000, 0x0000000083800000|  0%| F|  |TAMS 0x0000000083700000, 0x0000000083700000| Untracked 
|  34|0x0000000083800000, 0x0000000083800000, 0x0000000083900000|  0%| F|  |TAMS 0x0000000083800000, 0x0000000083800000| Untracked 
|  35|0x0000000083900000, 0x0000000083900000, 0x0000000083a00000|  0%| F|  |TAMS 0x0000000083900000, 0x0000000083900000| Untracked 
|  36|0x0000000083a00000, 0x0000000083a00000, 0x0000000083b00000|  0%| F|  |TAMS 0x0000000083a00000, 0x0000000083a00000| Untracked 
|  37|0x0000000083b00000, 0x0000000083b00000, 0x0000000083c00000|  0%| F|  |TAMS 0x0000000083b00000, 0x0000000083b00000| Untracked 
|  38|0x0000000083c00000, 0x0000000083c00000, 0x0000000083d00000|  0%| F|  |TAMS 0x0000000083c00000, 0x0000000083c00000| Untracked 
|  39|0x0000000083d00000, 0x0000000083d00000, 0x0000000083e00000|  0%| F|  |TAMS 0x0000000083d00000, 0x0000000083d00000| Untracked 
|  40|0x0000000083e00000, 0x0000000083e00000, 0x0000000083f00000|  0%| F|  |TAMS 0x0000000083e00000, 0x0000000083e00000| Untracked 
|  41|0x0000000083f00000, 0x0000000083f00000, 0x0000000084000000|  0%| F|  |TAMS 0x0000000083f00000, 0x0000000083f00000| Untracked 
|  42|0x0000000084000000, 0x0000000084000000, 0x0000000084100000|  0%| F|  |TAMS 0x0000000084000000, 0x0000000084000000| Untracked 
|  43|0x0000000084100000, 0x0000000084100000, 0x0000000084200000|  0%| F|  |TAMS 0x0000000084100000, 0x0000000084100000| Untracked 
|  44|0x0000000084200000, 0x0000000084200000, 0x0000000084300000|  0%| F|  |TAMS 0x0000000084200000, 0x0000000084200000| Untracked 
|  45|0x0000000084300000, 0x0000000084300000, 0x0000000084400000|  0%| F|  |TAMS 0x0000000084300000, 0x0000000084300000| Untracked 
|  46|0x0000000084400000, 0x0000000084400000, 0x0000000084500000|  0%| F|  |TAMS 0x0000000084400000, 0x0000000084400000| Untracked 
|  47|0x0000000084500000, 0x0000000084500000, 0x0000000084600000|  0%| F|  |TAMS 0x0000000084500000, 0x0000000084500000| Untracked 
|  48|0x0000000084600000, 0x0000000084600000, 0x0000000084700000|  0%| F|  |TAMS 0x0000000084600000, 0x0000000084600000| Untracked 
|  49|0x0000000084700000, 0x0000000084700000, 0x0000000084800000|  0%| F|  |TAMS 0x0000000084700000, 0x0000000084700000| Untracked 
|  50|0x0000000084800000, 0x0000000084800000, 0x0000000084900000|  0%| F|  |TAMS 0x0000000084800000, 0x0000000084800000| Untracked 
|  51|0x0000000084900000, 0x00000000849ef490, 0x0000000084a00000| 93%| S|CS|TAMS 0x0000000084900000, 0x0000000084900000| Complete 
|  52|0x0000000084a00000, 0x0000000084b00000, 0x0000000084b00000|100%| S|CS|TAMS 0x0000000084a00000, 0x0000000084a00000| Complete 
|  53|0x0000000084b00000, 0x0000000084b00000, 0x0000000084c00000|  0%| F|  |TAMS 0x0000000084b00000, 0x0000000084b00000| Untracked 
|  54|0x0000000084c00000, 0x0000000084c00000, 0x0000000084d00000|  0%| F|  |TAMS 0x0000000084c00000, 0x0000000084c00000| Untracked 
|  55|0x0000000084d00000, 0x0000000084d00000, 0x0000000084e00000|  0%| F|  |TAMS 0x0000000084d00000, 0x0000000084d00000| Untracked 
|  56|0x0000000084e00000, 0x0000000084e00000, 0x0000000084f00000|  0%| F|  |TAMS 0x0000000084e00000, 0x0000000084e00000| Untracked 
|  57|0x0000000084f00000, 0x0000000084f00000, 0x0000000085000000|  0%| F|  |TAMS 0x0000000084f00000, 0x0000000084f00000| Untracked 
|  58|0x0000000085000000, 0x0000000085000000, 0x0000000085100000|  0%| F|  |TAMS 0x0000000085000000, 0x0000000085000000| Untracked 
|  59|0x0000000085100000, 0x0000000085100000, 0x0000000085200000|  0%| F|  |TAMS 0x0000000085100000, 0x0000000085100000| Untracked 
|  60|0x0000000085200000, 0x0000000085200000, 0x0000000085300000|  0%| F|  |TAMS 0x0000000085200000, 0x0000000085200000| Untracked 
|  61|0x0000000085300000, 0x0000000085300000, 0x0000000085400000|  0%| F|  |TAMS 0x0000000085300000, 0x0000000085300000| Untracked 
|  62|0x0000000085400000, 0x0000000085400000, 0x0000000085500000|  0%| F|  |TAMS 0x0000000085400000, 0x0000000085400000| Untracked 
|  63|0x0000000085500000, 0x0000000085500000, 0x0000000085600000|  0%| F|  |TAMS 0x0000000085500000, 0x0000000085500000| Untracked 
|  64|0x0000000085600000, 0x0000000085600000, 0x0000000085700000|  0%| F|  |TAMS 0x0000000085600000, 0x0000000085600000| Untracked 
|  65|0x0000000085700000, 0x0000000085700000, 0x0000000085800000|  0%| F|  |TAMS 0x0000000085700000, 0x0000000085700000| Untracked 
|  66|0x0000000085800000, 0x0000000085800000, 0x0000000085900000|  0%| F|  |TAMS 0x0000000085800000, 0x0000000085800000| Untracked 
|  67|0x0000000085900000, 0x0000000085900000, 0x0000000085a00000|  0%| F|  |TAMS 0x0000000085900000, 0x0000000085900000| Untracked 
|  68|0x0000000085a00000, 0x0000000085a00000, 0x0000000085b00000|  0%| F|  |TAMS 0x0000000085a00000, 0x0000000085a00000| Untracked 
|  69|0x0000000085b00000, 0x0000000085b00000, 0x0000000085c00000|  0%| F|  |TAMS 0x0000000085b00000, 0x0000000085b00000| Untracked 
|  70|0x0000000085c00000, 0x0000000085c00000, 0x0000000085d00000|  0%| F|  |TAMS 0x0000000085c00000, 0x0000000085c00000| Untracked 
|  71|0x0000000085d00000, 0x0000000085d00000, 0x0000000085e00000|  0%| F|  |TAMS 0x0000000085d00000, 0x0000000085d00000| Untracked 
|  72|0x0000000085e00000, 0x0000000085e00000, 0x0000000085f00000|  0%| F|  |TAMS 0x0000000085e00000, 0x0000000085e00000| Untracked 
|  73|0x0000000085f00000, 0x0000000085f00000, 0x0000000086000000|  0%| F|  |TAMS 0x0000000085f00000, 0x0000000085f00000| Untracked 
|  74|0x0000000086000000, 0x0000000086000000, 0x0000000086100000|  0%| F|  |TAMS 0x0000000086000000, 0x0000000086000000| Untracked 
|  75|0x0000000086100000, 0x0000000086100000, 0x0000000086200000|  0%| F|  |TAMS 0x0000000086100000, 0x0000000086100000| Untracked 
|  76|0x0000000086200000, 0x0000000086200000, 0x0000000086300000|  0%| F|  |TAMS 0x0000000086200000, 0x0000000086200000| Untracked 
|  77|0x0000000086300000, 0x0000000086300000, 0x0000000086400000|  0%| F|  |TAMS 0x0000000086300000, 0x0000000086300000| Untracked 
|  78|0x0000000086400000, 0x0000000086400000, 0x0000000086500000|  0%| F|  |TAMS 0x0000000086400000, 0x0000000086400000| Untracked 
|  79|0x0000000086500000, 0x0000000086500000, 0x0000000086600000|  0%| F|  |TAMS 0x0000000086500000, 0x0000000086500000| Untracked 
|  80|0x0000000086600000, 0x00000000866c5500, 0x0000000086700000| 77%| E|  |TAMS 0x0000000086600000, 0x0000000086600000| Complete 
|  81|0x0000000086700000, 0x0000000086800000, 0x0000000086800000|100%| E|CS|TAMS 0x0000000086700000, 0x0000000086700000| Complete 
|  82|0x0000000086800000, 0x0000000086900000, 0x0000000086900000|100%| E|CS|TAMS 0x0000000086800000, 0x0000000086800000| Complete 
|  83|0x0000000086900000, 0x0000000086a00000, 0x0000000086a00000|100%| E|CS|TAMS 0x0000000086900000, 0x0000000086900000| Complete 
|  84|0x0000000086a00000, 0x0000000086b00000, 0x0000000086b00000|100%| E|CS|TAMS 0x0000000086a00000, 0x0000000086a00000| Complete 
|  85|0x0000000086b00000, 0x0000000086c00000, 0x0000000086c00000|100%| E|CS|TAMS 0x0000000086b00000, 0x0000000086b00000| Complete 
|  86|0x0000000086c00000, 0x0000000086d00000, 0x0000000086d00000|100%| E|CS|TAMS 0x0000000086c00000, 0x0000000086c00000| Complete 
|  87|0x0000000086d00000, 0x0000000086e00000, 0x0000000086e00000|100%| E|CS|TAMS 0x0000000086d00000, 0x0000000086d00000| Complete 
|  88|0x0000000086e00000, 0x0000000086f00000, 0x0000000086f00000|100%| E|CS|TAMS 0x0000000086e00000, 0x0000000086e00000| Complete 
|  89|0x0000000086f00000, 0x0000000087000000, 0x0000000087000000|100%| E|CS|TAMS 0x0000000086f00000, 0x0000000086f00000| Complete 
|  90|0x0000000087000000, 0x0000000087100000, 0x0000000087100000|100%| E|CS|TAMS 0x0000000087000000, 0x0000000087000000| Complete 
|  91|0x0000000087100000, 0x0000000087200000, 0x0000000087200000|100%| E|CS|TAMS 0x0000000087100000, 0x0000000087100000| Complete 
|  92|0x0000000087200000, 0x0000000087300000, 0x0000000087300000|100%| E|CS|TAMS 0x0000000087200000, 0x0000000087200000| Complete 
|  93|0x0000000087300000, 0x0000000087400000, 0x0000000087400000|100%| E|CS|TAMS 0x0000000087300000, 0x0000000087300000| Complete 
|  94|0x0000000087400000, 0x0000000087500000, 0x0000000087500000|100%| E|CS|TAMS 0x0000000087400000, 0x0000000087400000| Complete 
|  95|0x0000000087500000, 0x0000000087600000, 0x0000000087600000|100%| E|CS|TAMS 0x0000000087500000, 0x0000000087500000| Complete 
|  96|0x0000000087600000, 0x0000000087700000, 0x0000000087700000|100%| E|CS|TAMS 0x0000000087600000, 0x0000000087600000| Complete 
|  97|0x0000000087700000, 0x0000000087800000, 0x0000000087800000|100%| E|CS|TAMS 0x0000000087700000, 0x0000000087700000| Complete 
|  98|0x0000000087800000, 0x0000000087900000, 0x0000000087900000|100%| E|CS|TAMS 0x0000000087800000, 0x0000000087800000| Complete 
|  99|0x0000000087900000, 0x0000000087a00000, 0x0000000087a00000|100%| E|CS|TAMS 0x0000000087900000, 0x0000000087900000| Complete 
| 100|0x0000000087a00000, 0x0000000087b00000, 0x0000000087b00000|100%| E|CS|TAMS 0x0000000087a00000, 0x0000000087a00000| Complete 
| 101|0x0000000087b00000, 0x0000000087c00000, 0x0000000087c00000|100%| E|CS|TAMS 0x0000000087b00000, 0x0000000087b00000| Complete 
| 102|0x0000000087c00000, 0x0000000087d00000, 0x0000000087d00000|100%| E|CS|TAMS 0x0000000087c00000, 0x0000000087c00000| Complete 
| 103|0x0000000087d00000, 0x0000000087e00000, 0x0000000087e00000|100%| E|CS|TAMS 0x0000000087d00000, 0x0000000087d00000| Complete 
| 104|0x0000000087e00000, 0x0000000087f00000, 0x0000000087f00000|100%| E|CS|TAMS 0x0000000087e00000, 0x0000000087e00000| Complete 
| 105|0x0000000087f00000, 0x0000000088000000, 0x0000000088000000|100%| E|CS|TAMS 0x0000000087f00000, 0x0000000087f00000| Complete 
| 106|0x0000000088000000, 0x0000000088100000, 0x0000000088100000|100%| E|CS|TAMS 0x0000000088000000, 0x0000000088000000| Complete 
| 107|0x0000000088100000, 0x0000000088200000, 0x0000000088200000|100%| E|CS|TAMS 0x0000000088100000, 0x0000000088100000| Complete 
| 108|0x0000000088200000, 0x0000000088300000, 0x0000000088300000|100%| E|CS|TAMS 0x0000000088200000, 0x0000000088200000| Complete 
| 109|0x0000000088300000, 0x0000000088400000, 0x0000000088400000|100%| E|CS|TAMS 0x0000000088300000, 0x0000000088300000| Complete 
| 110|0x0000000088400000, 0x0000000088500000, 0x0000000088500000|100%| E|CS|TAMS 0x0000000088400000, 0x0000000088400000| Complete 
| 111|0x0000000088500000, 0x0000000088600000, 0x0000000088600000|100%| E|CS|TAMS 0x0000000088500000, 0x0000000088500000| Complete 
| 112|0x0000000088600000, 0x0000000088700000, 0x0000000088700000|100%| E|CS|TAMS 0x0000000088600000, 0x0000000088600000| Complete 
| 113|0x0000000088700000, 0x0000000088800000, 0x0000000088800000|100%| E|CS|TAMS 0x0000000088700000, 0x0000000088700000| Complete 
| 114|0x0000000088800000, 0x0000000088900000, 0x0000000088900000|100%| E|CS|TAMS 0x0000000088800000, 0x0000000088800000| Complete 
| 115|0x0000000088900000, 0x0000000088a00000, 0x0000000088a00000|100%| E|CS|TAMS 0x0000000088900000, 0x0000000088900000| Complete 
| 116|0x0000000088a00000, 0x0000000088b00000, 0x0000000088b00000|100%| E|CS|TAMS 0x0000000088a00000, 0x0000000088a00000| Complete 
| 117|0x0000000088b00000, 0x0000000088c00000, 0x0000000088c00000|100%| E|CS|TAMS 0x0000000088b00000, 0x0000000088b00000| Complete 
| 118|0x0000000088c00000, 0x0000000088d00000, 0x0000000088d00000|100%| E|CS|TAMS 0x0000000088c00000, 0x0000000088c00000| Complete 
| 119|0x0000000088d00000, 0x0000000088e00000, 0x0000000088e00000|100%| E|CS|TAMS 0x0000000088d00000, 0x0000000088d00000| Complete 
| 120|0x0000000088e00000, 0x0000000088f00000, 0x0000000088f00000|100%| E|CS|TAMS 0x0000000088e00000, 0x0000000088e00000| Complete 
| 121|0x0000000088f00000, 0x0000000089000000, 0x0000000089000000|100%| E|CS|TAMS 0x0000000088f00000, 0x0000000088f00000| Complete 
| 122|0x0000000089000000, 0x0000000089100000, 0x0000000089100000|100%| E|CS|TAMS 0x0000000089000000, 0x0000000089000000| Complete 
| 123|0x0000000089100000, 0x0000000089200000, 0x0000000089200000|100%| E|CS|TAMS 0x0000000089100000, 0x0000000089100000| Complete 
| 124|0x0000000089200000, 0x0000000089300000, 0x0000000089300000|100%| E|CS|TAMS 0x0000000089200000, 0x0000000089200000| Complete 
| 125|0x0000000089300000, 0x0000000089400000, 0x0000000089400000|100%| E|CS|TAMS 0x0000000089300000, 0x0000000089300000| Complete 
| 126|0x0000000089400000, 0x0000000089500000, 0x0000000089500000|100%| E|CS|TAMS 0x0000000089400000, 0x0000000089400000| Complete 
| 127|0x0000000089500000, 0x0000000089600000, 0x0000000089600000|100%| E|CS|TAMS 0x0000000089500000, 0x0000000089500000| Complete 

Card table byte_map: [0x000002093b890000,0x000002093bc90000] _byte_map_base: 0x000002093b485000

Marking Bits (Prev, Next): (CMBitMap*) 0x0000020923086c78, (CMBitMap*) 0x0000020923086cb0
 Prev Bits: [0x000002093c090000, 0x000002093e038000)
 Next Bits: [0x000002093e040000, 0x000002093ffe8000)

Polling page: 0x0000020923120000

Metaspace:

Usage:
  Non-class:     50.58 MB capacity,    49.57 MB ( 98%) used,   823.89 KB (  2%) free+waste,   204.13 KB ( <1%) overhead. 
      Class:      7.71 MB capacity,     7.02 MB ( 91%) used,   606.68 KB (  8%) free+waste,   100.13 KB (  1%) overhead. 
       Both:     58.28 MB capacity,    56.59 MB ( 97%) used,     1.40 MB (  2%) free+waste,   304.25 KB ( <1%) overhead. 

Virtual space:
  Non-class space:       52.00 MB reserved,      50.75 MB ( 98%) committed 
      Class space:        1.00 GB reserved,       7.75 MB ( <1%) committed 
             Both:        1.05 GB reserved,      58.50 MB (  5%) committed 

Chunk freelists:
   Non-Class:  6.13 KB
       Class:  0 bytes
        Both:  6.13 KB

CodeHeap 'non-profiled nmethods': size=120064Kb used=5512Kb max_used=5512Kb free=114551Kb
 bounds [0x0000020933930000, 0x0000020933ea0000, 0x000002093ae70000]
CodeHeap 'profiled nmethods': size=120000Kb used=18516Kb max_used=18516Kb free=101483Kb
 bounds [0x000002092c400000, 0x000002092d620000, 0x0000020933930000]
CodeHeap 'non-nmethods': size=5696Kb used=1213Kb max_used=1270Kb free=4482Kb
 bounds [0x000002092be70000, 0x000002092c0e0000, 0x000002092c400000]
 total_blobs=8272 nmethods=7689 adapters=494
 compilation: enabled
              stopped_count=0, restarted_count=0
 full_count=0

Compilation events (10 events):
Event: 1730.091 Thread 0x000002094265e000 nmethod 7772 0x0000020933e91490 code [0x0000020933e91640, 0x0000020933e917c8]
Event: 1734.961 Thread 0x0000020943009800 7773       3       jdk.internal.misc.Unsafe::getAndSetObject (24 bytes)
Event: 1734.961 Thread 0x0000020943009800 nmethod 7773 0x000002092d614990 code [0x000002092d614b40, 0x000002092d614e38]
Event: 1735.395 Thread 0x000002094265e000 7774       4       jdk.internal.loader.ClassLoaders::platformClassLoader (4 bytes)
Event: 1735.396 Thread 0x000002094265e000 nmethod 7774 0x0000020933e91a90 code [0x0000020933e91c00, 0x0000020933e91c58]
Event: 1735.409 Thread 0x000002094265e000 7775       4       com.fasterxml.jackson.databind.introspect.POJOPropertyBuilder::isExplicitlyNamed (50 bytes)
Event: 1735.413 Thread 0x000002094265e000 nmethod 7775 0x0000020933e91d10 code [0x0000020933e91ea0, 0x0000020933e92038]
Event: 1735.413 Thread 0x0000020943009800 7776       3       java.util.concurrent.locks.ReentrantReadWriteLock$Sync::exclusiveCount (5 bytes)
Event: 1735.413 Thread 0x0000020943009800 nmethod 7776 0x000002092d614f10 code [0x000002092d6150a0, 0x000002092d615178]
Event: 1762.757 Thread 0x000002094265e000 7777       4       com.fasterxml.jackson.databind.deser.BeanDeserializerFactory::addBeanProps (862 bytes)

GC Heap History (10 events):
Event: 66.437 GC heap before
{Heap before GC invocations=7 (full 0):
 garbage-first heap   total 131072K, used 42362K [0x0000000081600000, 0x0000000100000000)
  region size 1024K, 37 young (37888K), 8 survivors (8192K)
 Metaspace       used 34902K, capacity 35680K, committed 35840K, reserved 1081344K
  class space    used 4184K, capacity 4495K, committed 4608K, reserved 1048576K
}
Event: 66.454 GC heap after
{Heap after GC invocations=8 (full 0):
 garbage-first heap   total 131072K, used 14600K [0x0000000081600000, 0x0000000100000000)
  region size 1024K, 6 young (6144K), 6 survivors (6144K)
 Metaspace       used 34902K, capacity 35680K, committed 35840K, reserved 1081344K
  class space    used 4184K, capacity 4495K, committed 4608K, reserved 1048576K
}
Event: 108.349 GC heap before
{Heap before GC invocations=9 (full 0):
 garbage-first heap   total 131072K, used 86280K [0x0000000081600000, 0x0000000100000000)
  region size 1024K, 76 young (77824K), 6 survivors (6144K)
 Metaspace       used 43359K, capacity 44527K, committed 44544K, reserved 1087488K
  class space    used 5412K, capacity 5882K, committed 5888K, reserved 1048576K
}
Event: 108.372 GC heap after
{Heap after GC invocations=10 (full 0):
 garbage-first heap   total 131072K, used 18611K [0x0000000081600000, 0x0000000100000000)
  region size 1024K, 8 young (8192K), 8 survivors (8192K)
 Metaspace       used 43359K, capacity 44527K, committed 44544K, reserved 1087488K
  class space    used 5412K, capacity 5882K, committed 5888K, reserved 1048576K
}
Event: 127.851 GC heap before
{Heap before GC invocations=10 (full 0):
 garbage-first heap   total 131072K, used 88243K [0x0000000081600000, 0x0000000100000000)
  region size 1024K, 76 young (77824K), 8 survivors (8192K)
 Metaspace       used 52410K, capacity 54065K, committed 54144K, reserved 1095680K
  class space    used 6633K, capacity 7274K, committed 7296K, reserved 1048576K
}
Event: 127.877 GC heap after
{Heap after GC invocations=11 (full 0):
 garbage-first heap   total 131072K, used 23930K [0x0000000081600000, 0x0000000100000000)
  region size 1024K, 10 young (10240K), 10 survivors (10240K)
 Metaspace       used 52410K, capacity 54065K, committed 54144K, reserved 1095680K
  class space    used 6633K, capacity 7274K, committed 7296K, reserved 1048576K
}
Event: 557.346 GC heap before
{Heap before GC invocations=11 (full 0):
 garbage-first heap   total 131072K, used 91514K [0x0000000081600000, 0x0000000100000000)
  region size 1024K, 76 young (77824K), 10 survivors (10240K)
 Metaspace       used 57094K, capacity 58856K, committed 59136K, reserved 1099776K
  class space    used 7165K, capacity 7861K, committed 7936K, reserved 1048576K
}
Event: 557.385 GC heap after
{Heap after GC invocations=12 (full 0):
 garbage-first heap   total 131072K, used 25182K [0x0000000081600000, 0x0000000100000000)
  region size 1024K, 2 young (2048K), 2 survivors (2048K)
 Metaspace       used 57094K, capacity 58856K, committed 59136K, reserved 1099776K
  class space    used 7165K, capacity 7861K, committed 7936K, reserved 1048576K
}
Event: 1276.689 GC heap before
{Heap before GC invocations=12 (full 0):
 garbage-first heap   total 131072K, used 99934K [0x0000000081600000, 0x0000000100000000)
  region size 1024K, 75 young (76800K), 2 survivors (2048K)
 Metaspace       used 57736K, capacity 59483K, committed 59648K, reserved 1101824K
  class space    used 7183K, capacity 7890K, committed 7936K, reserved 1048576K
}
Event: 1276.848 GC heap after
{Heap after GC invocations=13 (full 0):
 garbage-first heap   total 131072K, used 25115K [0x0000000081600000, 0x0000000100000000)
  region size 1024K, 2 young (2048K), 2 survivors (2048K)
 Metaspace       used 57736K, capacity 59483K, committed 59648K, reserved 1101824K
  class space    used 7183K, capacity 7890K, committed 7936K, reserved 1048576K
}

Deoptimization events (10 events):
Event: 134.341 Thread 0x0000020943b37800 Uncommon trap: reason=bimorphic_or_optimized_type_check action=maybe_recompile pc=0x0000020933cb1ed8 method=java.util.regex.Pattern$Branch.match(Ljava/util/regex/Matcher;ILjava/lang/CharSequence;)Z @ 32 c2
Event: 135.742 Thread 0x0000020943b37800 Uncommon trap: reason=unstable_if action=reinterpret pc=0x0000020933ca5f44 method=java.lang.CharacterDataLatin1.digit(II)I @ 12 c2
Event: 139.506 Thread 0x0000020943e1a800 Uncommon trap: reason=unstable_if action=reinterpret pc=0x0000020933cdec8c method=org.springframework.boot.autoconfigure.condition.ConditionEvaluationReport.lambda$addNoMatchOutcomeToAncestors$1(Ljava/lang/String;Ljava/lang/String;Ljava/lang/String;Lorg/s
Event: 139.512 Thread 0x0000020943e1a800 Uncommon trap: reason=unstable_if action=reinterpret pc=0x0000020933cde64c method=org.springframework.boot.autoconfigure.condition.ConditionEvaluationReport.lambda$addNoMatchOutcomeToAncestors$1(Ljava/lang/String;Ljava/lang/String;Ljava/lang/String;Lorg/s
Event: 139.538 Thread 0x0000020943e1a800 Uncommon trap: reason=unstable_if action=reinterpret pc=0x00000209339c8fdc method=org.springframework.util.ConcurrentReferenceHashMap$Segment.clear()V @ 7 c2
Event: 164.031 Thread 0x0000020943b34000 Uncommon trap: reason=bimorphic_or_optimized_type_check action=maybe_recompile pc=0x0000020933cb1df8 method=java.util.regex.Pattern$Branch.match(Ljava/util/regex/Matcher;ILjava/lang/CharSequence;)Z @ 32 c2
Event: 164.090 Thread 0x0000020943b39000 Uncommon trap: reason=bimorphic_or_optimized_type_check action=maybe_recompile pc=0x0000020933cb1ed8 method=java.util.regex.Pattern$Branch.match(Ljava/util/regex/Matcher;ILjava/lang/CharSequence;)Z @ 32 c2
Event: 1207.051 Thread 0x0000020943b39000 Uncommon trap: reason=null_check action=make_not_entrant pc=0x0000020933de546c method=com.fasterxml.jackson.databind.JavaType.isAbstract()Z @ 4 c2
Event: 1240.378 Thread 0x0000020943b34000 Uncommon trap: reason=null_check action=make_not_entrant pc=0x0000020933defa20 method=com.fasterxml.jackson.databind.util.ClassUtil.isEnumType(Ljava/lang/Class;)Z @ 3 c2
Event: 1275.485 Thread 0x0000020943b34000 Uncommon trap: reason=null_check action=make_not_entrant pc=0x0000020933e0c2c8 method=com.fasterxml.jackson.databind.deser.DeserializerCache._createDeserializer2(Lcom/fasterxml/jackson/databind/DeserializationContext;Lcom/fasterxml/jackson/databind/deser/

Classes redefined (0 events):
No events

Internal exceptions (10 events):
Event: 1697.740 Thread 0x0000020943b34000 Exception <a 'java/net/ConnectException'{0x0000000086c66760}: Connection refused: connect> (0x0000000086c66760) thrown at [./open/src/hotspot/share/prims/jni.cpp, line 632]
Event: 1700.056 Thread 0x0000020943b39000 Exception <a 'java/net/ConnectException'{0x0000000086b7f458}: Connection refused: connect> (0x0000000086b7f458) thrown at [./open/src/hotspot/share/prims/jni.cpp, line 632]
Event: 1702.836 Thread 0x0000020943b37800 Exception <a 'java/net/ConnectException'{0x0000000086a48d60}: Connection refused: connect> (0x0000000086a48d60) thrown at [./open/src/hotspot/share/prims/jni.cpp, line 632]
Event: 1705.236 Thread 0x0000020943b37800 Exception <a 'java/net/ConnectException'{0x0000000086a497d0}: Connection refused: connect> (0x0000000086a497d0) thrown at [./open/src/hotspot/share/prims/jni.cpp, line 632]
Event: 1730.331 Thread 0x0000020943b34000 Exception <a 'java/net/ConnectException'{0x000000008698dc68}: Connection refused: connect> (0x000000008698dc68) thrown at [./open/src/hotspot/share/prims/jni.cpp, line 632]
Event: 1732.538 Thread 0x0000020943b39000 Exception <a 'java/net/ConnectException'{0x00000000868a7a40}: Connection refused: connect> (0x00000000868a7a40) thrown at [./open/src/hotspot/share/prims/jni.cpp, line 632]
Event: 1732.724 Thread 0x0000020943b34000 Exception <a 'java/net/ConnectException'{0x000000008698e6d8}: Connection refused: connect> (0x000000008698e6d8) thrown at [./open/src/hotspot/share/prims/jni.cpp, line 632]
Event: 1734.960 Thread 0x0000020943b39000 Exception <a 'java/net/ConnectException'{0x00000000868a84b0}: Connection refused: connect> (0x00000000868a84b0) thrown at [./open/src/hotspot/share/prims/jni.cpp, line 632]
Event: 1737.739 Thread 0x0000020943b37800 Exception <a 'java/net/ConnectException'{0x000000008674cd48}: Connection refused: connect> (0x000000008674cd48) thrown at [./open/src/hotspot/share/prims/jni.cpp, line 632]
Event: 1740.033 Thread 0x0000020943b37800 Exception <a 'java/net/ConnectException'{0x000000008674d7b8}: Connection refused: connect> (0x000000008674d7b8) thrown at [./open/src/hotspot/share/prims/jni.cpp, line 632]

Events (10 events):
Event: 1762.752 loading class com/fasterxml/jackson/datatype/joda/JodaModule
Event: 1762.752 loading class com/fasterxml/jackson/datatype/joda/JodaModule done
Event: 1762.752 loading class com/fasterxml/jackson/datatype/joda$JodaModule
Event: 1762.752 loading class com/fasterxml/jackson/datatype/joda$JodaModule done
Event: 1762.753 loading class com/fasterxml/jackson/datatype/joda/JodaModule
Event: 1762.753 loading class com/fasterxml/jackson/datatype/joda/JodaModule done
Event: 1762.753 loading class com/fasterxml/jackson/datatype/joda$JodaModule
Event: 1762.753 loading class com/fasterxml/jackson/datatype/joda$JodaModule done
Event: 1762.757 Thread 0x0000020943b34000 DEOPT PACKING pc=0x000002092d23991a sp=0x000000b18d8fd730
Event: 1762.757 Thread 0x0000020943b34000 DEOPT UNPACKING pc=0x000002092be96dde sp=0x000000b18d8fcd18 mode 0


Dynamic libraries:
0x00007ff7983a0000 - 0x00007ff7983af000 	C:\Program Files\Java\jdk-11.0.13\bin\java.exe
0x00007ffb03570000 - 0x00007ffb03768000 	C:\Windows\SYSTEM32\ntdll.dll
0x00007ffb016a0000 - 0x00007ffb0175d000 	C:\Windows\System32\KERNEL32.DLL
0x00007ffb01050000 - 0x00007ffb0131e000 	C:\Windows\System32\KERNELBASE.dll
0x00007ffb00d40000 - 0x00007ffb00e40000 	C:\Windows\System32\ucrtbase.dll
0x00007ffaf5b90000 - 0x00007ffaf5ba5000 	C:\Program Files\Java\jdk-11.0.13\bin\VCRUNTIME140.dll
0x00007ffaf5b70000 - 0x00007ffaf5b88000 	C:\Program Files\Java\jdk-11.0.13\bin\jli.dll
0x00007ffb015d0000 - 0x00007ffb0167e000 	C:\Windows\System32\ADVAPI32.dll
0x00007ffb01d20000 - 0x00007ffb01dbe000 	C:\Windows\System32\msvcrt.dll
0x00007ffb02490000 - 0x00007ffb0252c000 	C:\Windows\System32\sechost.dll
0x00007ffb033a0000 - 0x00007ffb034c5000 	C:\Windows\System32\RPCRT4.dll
0x00007ffb017c0000 - 0x00007ffb01960000 	C:\Windows\System32\USER32.dll
0x00007ffb01480000 - 0x00007ffb014a2000 	C:\Windows\System32\win32u.dll
0x00007ffb01b40000 - 0x00007ffb01b6a000 	C:\Windows\System32\GDI32.dll
0x00007ffb00f40000 - 0x00007ffb0104b000 	C:\Windows\System32\gdi32full.dll
0x00007ffb014b0000 - 0x00007ffb0154d000 	C:\Windows\System32\msvcp_win.dll
0x00007ffae1d90000 - 0x00007ffae202a000 	C:\Windows\WinSxS\amd64_microsoft.windows.common-controls_6595b64144ccf1df_6.0.19041.1110_none_60b5254171f9507e\COMCTL32.dll
0x00007ffaf53b0000 - 0x00007ffaf53ba000 	C:\Windows\SYSTEM32\VERSION.dll
0x00007ffb01fd0000 - 0x00007ffb02000000 	C:\Windows\System32\IMM32.DLL
0x00007ffaed0f0000 - 0x00007ffaed18b000 	C:\Program Files\Java\jdk-11.0.13\bin\msvcp140.dll
0x00007ffab3e10000 - 0x00007ffab4923000 	C:\Program Files\Java\jdk-11.0.13\bin\server\jvm.dll
0x00007ffb02540000 - 0x00007ffb02548000 	C:\Windows\System32\PSAPI.DLL
0x00007ffae5f50000 - 0x00007ffae5f77000 	C:\Windows\SYSTEM32\WINMM.dll
0x00007ffafda60000 - 0x00007ffafda69000 	C:\Windows\SYSTEM32\WSOCK32.dll
0x00007ffb01ee0000 - 0x00007ffb01f4b000 	C:\Windows\System32\WS2_32.dll
0x00007ffafed70000 - 0x00007ffafed82000 	C:\Windows\SYSTEM32\kernel.appcore.dll
0x00007ffaf5b60000 - 0x00007ffaf5b70000 	C:\Program Files\Java\jdk-11.0.13\bin\verify.dll
0x00007ffafe280000 - 0x00007ffafe464000 	C:\Windows\SYSTEM32\DBGHELP.DLL
0x00007ffae76b0000 - 0x00007ffae76dc000 	C:\Windows\SYSTEM32\dbgcore.DLL
0x00007ffb00e40000 - 0x00007ffb00ec2000 	C:\Windows\System32\bcryptPrimitives.dll
0x00007ffaf5b00000 - 0x00007ffaf5b28000 	C:\Program Files\Java\jdk-11.0.13\bin\java.dll
0x00007ffaf5af0000 - 0x00007ffaf5afa000 	C:\Program Files\Java\jdk-11.0.13\bin\jimage.dll
0x00007ffaef870000 - 0x00007ffaef87e000 	C:\Program Files\Java\jdk-11.0.13\bin\instrument.dll
0x00007ffaf2eb0000 - 0x00007ffaf2ec6000 	C:\Program Files\Java\jdk-11.0.13\bin\zip.dll
0x00007ffb02c50000 - 0x00007ffb03394000 	C:\Windows\System32\SHELL32.dll
0x00007ffafed90000 - 0x00007ffaff524000 	C:\Windows\SYSTEM32\windows.storage.dll
0x00007ffb02000000 - 0x00007ffb02354000 	C:\Windows\System32\combase.dll
0x00007ffb00620000 - 0x00007ffb00650000 	C:\Windows\SYSTEM32\Wldp.dll
0x00007ffb02550000 - 0x00007ffb025fd000 	C:\Windows\System32\SHCORE.dll
0x00007ffb01a10000 - 0x00007ffb01a65000 	C:\Windows\System32\shlwapi.dll
0x00007ffb00bd0000 - 0x00007ffb00bef000 	C:\Windows\SYSTEM32\profapi.dll
0x00007ffaf22f0000 - 0x00007ffaf2309000 	C:\Program Files\Java\jdk-11.0.13\bin\net.dll
0x00007ffae87e0000 - 0x00007ffae88ea000 	C:\Windows\SYSTEM32\WINHTTP.dll
0x00007ffb00380000 - 0x00007ffb003ea000 	C:\Windows\system32\mswsock.dll
0x00007ffaf1eb0000 - 0x00007ffaf1ec2000 	C:\Program Files\Java\jdk-11.0.13\bin\nio.dll
0x00007ffaecf60000 - 0x00007ffaecf7a000 	C:\Program Files\JetBrains\IntelliJ IDEA Community Edition 2022.2\bin\breakgen64.dll
0x00007ffaedc90000 - 0x00007ffaedc99000 	C:\Program Files\Java\jdk-11.0.13\bin\management.dll
0x00007ffaed090000 - 0x00007ffaed09b000 	C:\Program Files\Java\jdk-11.0.13\bin\management_ext.dll
0x00007ffb00070000 - 0x00007ffb000ab000 	C:\Windows\SYSTEM32\IPHLPAPI.DLL
0x00007ffb027d0000 - 0x00007ffb027d8000 	C:\Windows\System32\NSI.dll
0x00007ffaf6bb0000 - 0x00007ffaf6bc7000 	C:\Windows\SYSTEM32\dhcpcsvc6.DLL
0x00007ffaf6fe0000 - 0x00007ffaf6ffd000 	C:\Windows\SYSTEM32\dhcpcsvc.DLL
0x00007ffb000b0000 - 0x00007ffb0017a000 	C:\Windows\SYSTEM32\DNSAPI.dll
0x00007ffaf87a0000 - 0x00007ffaf87aa000 	C:\Windows\System32\rasadhlp.dll
0x00007ffae8760000 - 0x00007ffae87e0000 	C:\Windows\System32\fwpuclnt.dll
0x00007ffb015a0000 - 0x00007ffb015c7000 	C:\Windows\System32\bcrypt.dll
0x00007ffafad30000 - 0x00007ffafad47000 	C:\Windows\system32\napinsp.dll
0x00007ffaf9e70000 - 0x00007ffaf9e8b000 	C:\Windows\system32\pnrpnsp.dll
0x00007ffafb850000 - 0x00007ffafb865000 	C:\Windows\system32\wshbth.dll
0x00007ffafc2f0000 - 0x00007ffafc30d000 	C:\Windows\system32\NLAapi.dll
0x00007ffaf8b40000 - 0x00007ffaf8b52000 	C:\Windows\System32\winrnr.dll
0x00007ffb00570000 - 0x00007ffb00588000 	C:\Windows\SYSTEM32\CRYPTSP.dll
0x00007ffaffd00000 - 0x00007ffaffd34000 	C:\Windows\system32\rsaenh.dll
0x00007ffb00b90000 - 0x00007ffb00bbe000 	C:\Windows\SYSTEM32\USERENV.dll
0x00007ffb00590000 - 0x00007ffb0059c000 	C:\Windows\SYSTEM32\CRYPTBASE.dll
0x00007ffaeb6d0000 - 0x00007ffaeb6f5000 	C:\Program Files\Java\jdk-11.0.13\bin\sunec.dll

dbghelp: loaded successfully - version: 4.0.5 - missing functions: none
symbol engine: initialized successfully - sym options: 0x614 - pdb path: .;C:\Program Files\Java\jdk-11.0.13\bin;C:\Windows\SYSTEM32;C:\Windows\WinSxS\amd64_microsoft.windows.common-controls_6595b64144ccf1df_6.0.19041.1110_none_60b5254171f9507e;C:\Program Files\Java\jdk-11.0.13\bin\server;C:\Program Files\JetBrains\IntelliJ IDEA Community Edition 2022.2\bin

VM Arguments:
jvm_args: -javaagent:C:\Program Files\JetBrains\IntelliJ IDEA Community Edition 2022.2\lib\idea_rt.jar=53700:C:\Program Files\JetBrains\IntelliJ IDEA Community Edition 2022.2\bin -Dfile.encoding=UTF-8 
java_command: com.gateway.demo.ApiGatewayApplication
java_class_path (initial): D:\Capgemini Case Study\CaseStudy\APIGateway\target\classes;C:\Users\hp\.m2\repository\org\springframework\boot\spring-boot-starter-actuator\2.7.3\spring-boot-starter-actuator-2.7.3.jar;C:\Users\hp\.m2\repository\org\springframework\boot\spring-boot-starter\2.7.3\spring-boot-starter-2.7.3.jar;C:\Users\hp\.m2\repository\org\springframework\boot\spring-boot-starter-logging\2.7.3\spring-boot-starter-logging-2.7.3.jar;C:\Users\hp\.m2\repository\ch\qos\logback\logback-classic\1.2.11\logback-classic-1.2.11.jar;C:\Users\hp\.m2\repository\ch\qos\logback\logback-core\1.2.11\logback-core-1.2.11.jar;C:\Users\hp\.m2\repository\org\apache\logging\log4j\log4j-to-slf4j\2.17.2\log4j-to-slf4j-2.17.2.jar;C:\Users\hp\.m2\repository\org\apache\logging\log4j\log4j-api\2.17.2\log4j-api-2.17.2.jar;C:\Users\hp\.m2\repository\org\slf4j\jul-to-slf4j\1.7.36\jul-to-slf4j-1.7.36.jar;C:\Users\hp\.m2\repository\jakarta\annotation\jakarta.annotation-api\1.3.5\jakarta.annotation-api-1.3.5.jar;C:\Users\hp\.m2\repository\org\yaml\snakeyaml\1.30\snakeyaml-1.30.jar;C:\Users\hp\.m2\repository\org\springframework\boot\spring-boot-actuator-autoconfigure\2.7.3\spring-boot-actuator-autoconfigure-2.7.3.jar;C:\Users\hp\.m2\repository\org\springframework\boot\spring-boot-actuator\2.7.3\spring-boot-actuator-2.7.3.jar;C:\Users\hp\.m2\repository\com\fasterxml\jackson\core\jackson-databind\2.13.3\jackson-databind-2.13.3.jar;C:\Users\hp\.m2\repository\com\fasterxml\jackson\datatype\jackson-datatype-jsr310\2.13.3\jackson-datatype-jsr310-2.13.3.jar;C:\Users\hp\.m2\repository\io\micrometer\micrometer-core\1.9.3\micrometer-core-1.9.3.jar;C:\Users\hp\.m2\repository\org\hdrhistogram\HdrHistogram\2.1.12\HdrHistogram-2.1.12.jar;C:\Users\hp\.m2\repository\org\latencyutils\LatencyUtils\2.0.3\LatencyUtils-2.0.3.jar;C:\Users\hp\.m2\repository\org\springframework\cloud\spring-cloud-starter-gateway\3.1.3\spring-cloud-starter-gateway-3.1.3.jar;C:\Users\hp\.m2\repository\org\springframework\cloud\sprin
Launcher Type: SUN_STANDARD

[Global flags]
     intx CICompilerCount                          = 3                                         {product} {ergonomic}
     uint ConcGCThreads                            = 1                                         {product} {ergonomic}
     uint G1ConcRefinementThreads                  = 4                                         {product} {ergonomic}
   size_t G1HeapRegionSize                         = 1048576                                   {product} {ergonomic}
    uintx GCDrainStackTargetSize                   = 64                                        {product} {ergonomic}
   size_t InitialHeapSize                          = 134217728                                 {product} {ergonomic}
   size_t MarkStackSize                            = 4194304                                   {product} {ergonomic}
   size_t MaxHeapSize                              = 2124414976                                {product} {ergonomic}
   size_t MaxNewSize                               = 1274019840                                {product} {ergonomic}
   size_t MinHeapDeltaBytes                        = 1048576                                   {product} {ergonomic}
    uintx NonNMethodCodeHeapSize                   = 5830732                                {pd product} {ergonomic}
    uintx NonProfiledCodeHeapSize                  = 122913754                              {pd product} {ergonomic}
    uintx ProfiledCodeHeapSize                     = 122913754                              {pd product} {ergonomic}
    uintx ReservedCodeCacheSize                    = 251658240                              {pd product} {ergonomic}
     bool SegmentedCodeCache                       = true                                      {product} {ergonomic}
     bool UseCompressedClassPointers               = true                                 {lp64_product} {ergonomic}
     bool UseCompressedOops                        = true                                 {lp64_product} {ergonomic}
     bool UseG1GC                                  = true                                      {product} {ergonomic}
     bool UseLargePagesIndividualAllocation        = false                                  {pd product} {ergonomic}

Logging:
Log output configuration:
 #0: stdout all=warning uptime,level,tags
 #1: stderr all=off uptime,level,tags

Environment Variables:
PATH=C:\Python310\Scripts\;C:\Python310\;C:\Program Files\Common Files\Oracle\Java\javapath;C:\Program Files (x86)\Common Files\Oracle\Java\javapath;C:\Windows\system32;C:\Windows;C:\Windows\System32\Wbem;C:\Windows\System32\WindowsPowerShell\v1.0\;C:\Windows\System32\OpenSSH\;C:\Program Files\dotnet\;C:\Program Files\Git\cmd;C:\ProgramData\chocolatey\bin;C:\Program Files\nodejs;C:\Program Files\nodejs\;C:\Users\hp\AppData\Local\Microsoft\WindowsApps;;C:\Users\hp\AppData\Local\Programs\Microsoft VS Code\bin;C:\Program Files\JetBrains\IntelliJ IDEA 2022.2\bin;;C:\Program Files\JetBrains\IntelliJ IDEA Community Edition 2022.2\bin;;C:\Users\hp\AppData\Roaming\npm
USERNAME=hp
OS=Windows_NT
PROCESSOR_IDENTIFIER=Intel64 Family 6 Model 142 Stepping 9, GenuineIntel



---------------  S Y S T E M  ---------------

OS: Windows 10 , 64 bit Build 19041 (10.0.19041.1889)

CPU:total 4 (initial active 4) (2 cores per cpu, 2 threads per core) family 6 model 142 stepping 9 microcode 0xde, cmov, cx8, fxsr, mmx, sse, sse2, sse3, ssse3, sse4.1, sse4.2, popcnt, avx, avx2, aes, clmul, erms, 3dnowpref, lzcnt, ht, tsc, tscinvbit, bmi1, bmi2, adx, fma

Memory: 4k page, system-wide physical 8103M (285M free)
TotalPageFile size 26774M (AvailPageFile size 8M)
current process WorkingSet (physical memory assigned to process): 146M, peak: 253M
current process commit charge ("private bytes"): 324M, peak: 333M

vm_info: Java HotSpot(TM) 64-Bit Server VM (11.0.13+10-LTS-370) for windows-amd64 JRE (11.0.13+10-LTS-370), built on Sep 15 2021 22:10:36 by "mach5one" with MS VC++ 15.9 (VS2017)

END.
